<?xml version="1.0" encoding="UTF-8"?>
<!-- Generated by org.testng.reporters.JUnitReportReporter -->
<testsuite hostname="DESKTOP-LF0UCLB" failures="0" tests="1" name="com.ChallengingDom.testcases.ExtentReport" time="0.029" errors="0" timestamp="2022-03-02T13:51:38 GMT" skipped="0">
  <testcase classname="com.ChallengingDom.testcases.ExtentReport" name="test1" time="0.029"/>
  <system-out/>
</testsuite> <!-- com.ChallengingDom.testcases.ExtentReport -->
